<?xml version="1.0" encoding="UTF-8"?>
<!-- Generated by org.testng.reporters.JUnitXMLReporter -->
<testsuite ignored="0" hostname="DESKTOP-R86KN5M" failures="1" tests="2" name="Test" time="0.052" errors="0" timestamp="2020-05-25T00:08:13 EET">
  <testcase classname="gov.ae.base.TestBase" name="@BeforeSuite setUp" time="15.195">
    <failure type="org.openqa.selenium.SessionNotCreatedException" message="session not created
from chrome not reachable
  (Session info: chrome=83.0.4103.61)
Build info: version: &amp;apos;3.141.59&amp;apos;, revision: &amp;apos;e82be7d358&amp;apos;, time: &amp;apos;2018-11-14T08:17:03&amp;apos;
System info: host: &amp;apos;DESKTOP-R86KN5M&amp;apos;, ip: &amp;apos;192.168.1.7&amp;apos;, os.name: &amp;apos;Windows 10&amp;apos;, os.arch: &amp;apos;amd64&amp;apos;, os.version: &amp;apos;10.0&amp;apos;, java.version: &amp;apos;13.0.1&amp;apos;
Driver info: driver.version: ChromeDriver
remote stacktrace: Backtrace:
	Ordinal0 [0x007E9563+2725219]
	Ordinal0 [0x006E8551+1672529]
	Ordinal0 [0x005D0202+524802]
	Ordinal0 [0x005C99B2+498098]
	Ordinal0 [0x005CA09B+499867]
	Ordinal0 [0x005CAFF5+503797]
	Ordinal0 [0x005C6994+485780]
	Ordinal0 [0x005D0FF0+528368]
	Ordinal0 [0x0057D6C9+186057]
	Ordinal0 [0x0057CA3D+182845]
	Ordinal0 [0x0057A94B+174411]
	Ordinal0 [0x00562528+75048]
	Ordinal0 [0x005635A0+79264]
	Ordinal0 [0x00563539+79161]
	Ordinal0 [0x006FD607+1758727]
	GetHandleVerifier [0x00906546+1050150]
	GetHandleVerifier [0x00906291+1049457]
	GetHandleVerifier [0x009110D7+1094071]
	GetHandleVerifier [0x00906B46+1051686]
	Ordinal0 [0x006F5B06+1727238]
	Ordinal0 [0x006FEB7B+1764219]
	Ordinal0 [0x006FECE3+1764579]
	Ordinal0 [0x00714C05+1854469]
	BaseThreadInitThunk [0x75706359+25]
	RtlGetAppContainerNamedObjectPath [0x771B7C24+228]
	RtlGetAppContainerNamedObjectPath [0x771B7BF4+180]
">
      <![CDATA[org.openqa.selenium.SessionNotCreatedException: session not created
from chrome not reachable
  (Session info: chrome=83.0.4103.61)
Build info: version: '3.141.59', revision: 'e82be7d358', time: '2018-11-14T08:17:03'
System info: host: 'DESKTOP-R86KN5M', ip: '192.168.1.7', os.name: 'Windows 10', os.arch: 'amd64', os.version: '10.0', java.version: '13.0.1'
Driver info: driver.version: ChromeDriver
remote stacktrace: Backtrace:
Ordinal0 [0x007E9563+2725219]
Ordinal0 [0x006E8551+1672529]
Ordinal0 [0x005D0202+524802]
Ordinal0 [0x005C99B2+498098]
Ordinal0 [0x005CA09B+499867]
Ordinal0 [0x005CAFF5+503797]
Ordinal0 [0x005C6994+485780]
Ordinal0 [0x005D0FF0+528368]
Ordinal0 [0x0057D6C9+186057]
Ordinal0 [0x0057CA3D+182845]
Ordinal0 [0x0057A94B+174411]
Ordinal0 [0x00562528+75048]
Ordinal0 [0x005635A0+79264]
Ordinal0 [0x00563539+79161]
Ordinal0 [0x006FD607+1758727]
GetHandleVerifier [0x00906546+1050150]
GetHandleVerifier [0x00906291+1049457]
GetHandleVerifier [0x009110D7+1094071]
GetHandleVerifier [0x00906B46+1051686]
Ordinal0 [0x006F5B06+1727238]
Ordinal0 [0x006FEB7B+1764219]
Ordinal0 [0x006FECE3+1764579]
Ordinal0 [0x00714C05+1854469]
BaseThreadInitThunk [0x75706359+25]
RtlGetAppContainerNamedObjectPath [0x771B7C24+228]
RtlGetAppContainerNamedObjectPath [0x771B7BF4+180]

at org.openqa.selenium.remote.W3CHandshakeResponse.lambda$errorHandler$0(W3CHandshakeResponse.java:62)
at org.openqa.selenium.remote.HandshakeResponse.lambda$getResponseFunction$0(HandshakeResponse.java:30)
at org.openqa.selenium.remote.ProtocolHandshake.lambda$createSession$0(ProtocolHandshake.java:126)
at java.base/java.util.stream.ReferencePipeline$3$1.accept(ReferencePipeline.java:195)
at java.base/java.util.Spliterators$ArraySpliterator.tryAdvance(Spliterators.java:958)
at java.base/java.util.stream.ReferencePipeline.forEachWithCancel(ReferencePipeline.java:127)
at java.base/java.util.stream.AbstractPipeline.copyIntoWithCancel(AbstractPipeline.java:502)
at java.base/java.util.stream.AbstractPipeline.copyInto(AbstractPipeline.java:488)
at java.base/java.util.stream.AbstractPipeline.wrapAndCopyInto(AbstractPipeline.java:474)
at java.base/java.util.stream.FindOps$FindOp.evaluateSequential(FindOps.java:150)
at java.base/java.util.stream.AbstractPipeline.evaluate(AbstractPipeline.java:234)
at java.base/java.util.stream.ReferencePipeline.findFirst(ReferencePipeline.java:543)
at org.openqa.selenium.remote.ProtocolHandshake.createSession(ProtocolHandshake.java:128)
at org.openqa.selenium.remote.ProtocolHandshake.createSession(ProtocolHandshake.java:74)
at org.openqa.selenium.remote.HttpCommandExecutor.execute(HttpCommandExecutor.java:136)
at org.openqa.selenium.remote.service.DriverCommandExecutor.execute(DriverCommandExecutor.java:83)
at org.openqa.selenium.remote.RemoteWebDriver.execute(RemoteWebDriver.java:552)
at org.openqa.selenium.remote.RemoteWebDriver.startSession(RemoteWebDriver.java:213)
at org.openqa.selenium.remote.RemoteWebDriver.<init>(RemoteWebDriver.java:131)
at org.openqa.selenium.chrome.ChromeDriver.<init>(ChromeDriver.java:181)
at org.openqa.selenium.chrome.ChromeDriver.<init>(ChromeDriver.java:168)
at org.openqa.selenium.chrome.ChromeDriver.<init>(ChromeDriver.java:123)
at gov.ae.base.TestBase.setupChrome(TestBase.java:48)
at gov.ae.base.TestBase.setUp(TestBase.java:30)
... Removed 24 stack frames]]>
    </failure>
  </testcase> <!-- @BeforeSuite setUp -->
  <testcase classname="gov.ae.Tests.UserExperienceTestCases" name="validate_three_clicks_navigation" time="0.0">
    <skipped/>
  </testcase> <!-- validate_three_clicks_navigation -->
  <testcase classname="gov.ae.Tests.UserExperienceTestCases" name="validate_three_clicks_navigation" time="0.022">
    <failure type="java.lang.NullPointerException">
      <![CDATA[java.lang.NullPointerException
at gov.ae.ExtentListeners.ExtentListeners.onTestSkipped(ExtentListeners.java:61)
at java.base/java.util.ArrayList.forEach(ArrayList.java:1507)
... Removed 25 stack frames]]>
    </failure>
  </testcase> <!-- validate_three_clicks_navigation -->
</testsuite> <!-- Test -->
